<?xml version="1.0" encoding="UTF-8"?>
<!-- Generated by org.testng.reporters.JUnitXMLReporter -->
<testsuite ignored="0" hostname="Server" failures="1" tests="1" name="Master suite" time="8.081" errors="0" timestamp="2025-02-11T17:55:00 IST">
  <testcase classname="testCases.tc001_HomePage" name="LoginValidation" time="0.0">
    <failure type="org.testng.TestNGException" message="
Method public void testCases.tc001_HomePage.LoginValidation(java.lang.String,java.lang.String,java.lang.String) requires a @DataProvider named : LoginData in class org.testng.annotations.DataProvider">
      <![CDATA[org.testng.TestNGException: 
at java.base/java.util.ArrayList.forEach(ArrayList.java:1596)
... Removed 25 stack frames]]>
    </failure>
  </testcase> <!-- LoginValidation -->
</testsuite> <!-- Master suite -->
